<?xml version="1.0" encoding="UTF-8"?>
<!-- Generated by org.testng.reporters.JUnitXMLReporter -->
<testsuite ignored="0" hostname="NeerajsYoga" failures="0" tests="3" name="Default test" time="37.878" errors="0" timestamp="2026-08-11T14:49:55 IST">
  <testcase classname="SeleniumWebDriver.BrowserCommands" name="EdgeBrowserTest" time="17.698"/>
  <testcase classname="SeleniumWebDriver.BrowserCommands" name="FirefoxBrowserTest" time="12.233"/>
  <testcase classname="SeleniumWebDriver.BrowserCommands" name="ChromeBrowserTest" time="7.904"/>
</testsuite> <!-- Default test -->
